<?xml version="1.0" encoding="UTF-8"?>
<testng-results skipped="0" failed="0" ignored="0" total="2" passed="2">
  <reporter-output>
    <line>
      <![CDATA[captureScreen method called]]>
    </line>
    <line>
      <![CDATA[<a href='C:\Users\anilk\eclipse-workspace\Check24DataDriven\src\main\resources\screenshots\blank_30_09_2018_06_00_14.png'><img src='C:\Users\anilk\eclipse-workspace\Check24DataDriven\src\main\resources\screenshots\blank_30_09_2018_06_00_14.png'height='100' width='100'/></a>]]>
    </line>
    <line>
      <![CDATA[captureScreen method called]]>
    </line>
    <line>
      <![CDATA[<a href='C:\Users\anilk\eclipse-workspace\Check24DataDriven\src\main\resources\screenshots\blank_30_09_2018_06_00_15.png'><img src='C:\Users\anilk\eclipse-workspace\Check24DataDriven\src\main\resources\screenshots\blank_30_09_2018_06_00_15.png'height='100' width='100'/></a>]]>
    </line>
    <line>
      <![CDATA[captureScreen method called]]>
    </line>
    <line>
      <![CDATA[<a href='C:\Users\anilk\eclipse-workspace\Check24DataDriven\src\main\resources\screenshots\blank_30_09_2018_06_00_16.png'><img src='C:\Users\anilk\eclipse-workspace\Check24DataDriven\src\main\resources\screenshots\blank_30_09_2018_06_00_16.png'height='100' width='100'/></a>]]>
    </line>
    <line>
      <![CDATA[captureScreen method called]]>
    </line>
    <line>
      <![CDATA[<a href='C:\Users\anilk\eclipse-workspace\Check24DataDriven\src\main\resources\screenshots\blank_30_09_2018_06_00_19.png'><img src='C:\Users\anilk\eclipse-workspace\Check24DataDriven\src\main\resources\screenshots\blank_30_09_2018_06_00_19.png'height='100' width='100'/></a>]]>
    </line>
    <line>
      <![CDATA[captureScreen method called]]>
    </line>
    <line>
      <![CDATA[<a href='C:\Users\anilk\eclipse-workspace\Check24DataDriven\src\main\resources\screenshots\loginTest_30_09_2018_06_00_21.png'><img src='C:\Users\anilk\eclipse-workspace\Check24DataDriven\src\main\resources\screenshots\loginTest_30_09_2018_06_00_21.png'height='100' width='100'/></a>]]>
    </line>
    <line>
      <![CDATA[captureScreen method called]]>
    </line>
    <line>
      <![CDATA[<a href='C:\Users\anilk\eclipse-workspace\Check24DataDriven\src\main\resources\screenshots\blank_30_09_2018_06_00_21.png'><img src='C:\Users\anilk\eclipse-workspace\Check24DataDriven\src\main\resources\screenshots\blank_30_09_2018_06_00_21.png'height='100' width='100'/></a>]]>
    </line>
    <line>
      <![CDATA[captureScreen method called]]>
    </line>
    <line>
      <![CDATA[<a href='C:\Users\anilk\eclipse-workspace\Check24DataDriven\src\main\resources\screenshots\blank_30_09_2018_06_00_24.png'><img src='C:\Users\anilk\eclipse-workspace\Check24DataDriven\src\main\resources\screenshots\blank_30_09_2018_06_00_24.png'height='100' width='100'/></a>]]>
    </line>
    <line>
      <![CDATA[captureScreen method called]]>
    </line>
    <line>
      <![CDATA[<a href='C:\Users\anilk\eclipse-workspace\Check24DataDriven\src\main\resources\screenshots\loginTest_30_09_2018_06_00_26.png'><img src='C:\Users\anilk\eclipse-workspace\Check24DataDriven\src\main\resources\screenshots\loginTest_30_09_2018_06_00_26.png'height='100' width='100'/></a>]]>
    </line>
  </reporter-output>
  <suite name="Default suite" duration-ms="18085" started-at="2018-09-30T16:00:09Z" finished-at="2018-09-30T16:00:27Z">
    <groups>
    </groups>
    <test name="Default test" duration-ms="18085" started-at="2018-09-30T16:00:09Z" finished-at="2018-09-30T16:00:27Z">
      <class name="de.check24.PageObjectDataDriven.LoginPageTest">
        <test-method status="PASS" signature="beforeSuite()[pri:0, instance:de.check24.PageObjectDataDriven.LoginPageTest@3dd4520b]" name="beforeSuite" is-config="true" duration-ms="8" started-at="2018-09-30T16:00:09Z" finished-at="2018-09-30T16:00:09Z">
          <reporter-output>
          </reporter-output>
        </test-method> <!-- beforeSuite -->
        <test-method status="PASS" signature="beforeTest()[pri:0, instance:de.check24.PageObjectDataDriven.LoginPageTest@3dd4520b]" name="beforeTest" is-config="true" duration-ms="2851" started-at="2018-09-30T16:00:09Z" finished-at="2018-09-30T16:00:12Z">
          <reporter-output>
          </reporter-output>
        </test-method> <!-- beforeTest -->
        <test-method status="PASS" signature="beforeClass()[pri:0, instance:de.check24.PageObjectDataDriven.LoginPageTest@3dd4520b]" name="beforeClass" is-config="true" duration-ms="3881" started-at="2018-09-30T16:00:12Z" finished-at="2018-09-30T16:00:16Z">
          <reporter-output>
            <line>
              <![CDATA[captureScreen method called]]>
            </line>
            <line>
              <![CDATA[<a href='C:\Users\anilk\eclipse-workspace\Check24DataDriven\src\main\resources\screenshots\blank_30_09_2018_06_00_14.png'><img src='C:\Users\anilk\eclipse-workspace\Check24DataDriven\src\main\resources\screenshots\blank_30_09_2018_06_00_14.png'height='100' width='100'/></a>]]>
            </line>
            <line>
              <![CDATA[captureScreen method called]]>
            </line>
            <line>
              <![CDATA[<a href='C:\Users\anilk\eclipse-workspace\Check24DataDriven\src\main\resources\screenshots\blank_30_09_2018_06_00_15.png'><img src='C:\Users\anilk\eclipse-workspace\Check24DataDriven\src\main\resources\screenshots\blank_30_09_2018_06_00_15.png'height='100' width='100'/></a>]]>
            </line>
          </reporter-output>
        </test-method> <!-- beforeClass -->
        <test-method status="PASS" signature="beforeMethod(java.lang.reflect.Method)[pri:0, instance:de.check24.PageObjectDataDriven.LoginPageTest@3dd4520b]" name="beforeMethod" is-config="true" duration-ms="1" started-at="2018-09-30T16:00:16Z" finished-at="2018-09-30T16:00:16Z">
          <params>
            <param index="0">
              <value>
                <![CDATA[public void de.check24.PageObjectDataDriven.LoginPageTest.loginTest(java.lang.String,java.lang.String,java.lang.String,java.lang.String)]]>
              </value>
            </param>
          </params>
          <reporter-output>
          </reporter-output>
        </test-method> <!-- beforeMethod -->
        <test-method status="PASS" signature="loginTest(java.lang.String, java.lang.String, java.lang.String, java.lang.String)[pri:0, instance:de.check24.PageObjectDataDriven.LoginPageTest@3dd4520b]" name="loginTest" duration-ms="4667" started-at="2018-09-30T16:00:16Z" data-provider="testData" finished-at="2018-09-30T16:00:21Z">
          <params>
            <param index="0">
              <value>
                <![CDATA[Testcase1]]>
              </value>
            </param>
            <param index="1">
              <value>
                <![CDATA[anil.kundeti@gmail.com]]>
              </value>
            </param>
            <param index="2">
              <value>
                <![CDATA[KAK@123#]]>
              </value>
            </param>
            <param index="3">
              <value>
                <![CDATA[Y]]>
              </value>
            </param>
          </params>
          <reporter-output>
            <line>
              <![CDATA[captureScreen method called]]>
            </line>
            <line>
              <![CDATA[<a href='C:\Users\anilk\eclipse-workspace\Check24DataDriven\src\main\resources\screenshots\blank_30_09_2018_06_00_16.png'><img src='C:\Users\anilk\eclipse-workspace\Check24DataDriven\src\main\resources\screenshots\blank_30_09_2018_06_00_16.png'height='100' width='100'/></a>]]>
            </line>
            <line>
              <![CDATA[captureScreen method called]]>
            </line>
            <line>
              <![CDATA[<a href='C:\Users\anilk\eclipse-workspace\Check24DataDriven\src\main\resources\screenshots\blank_30_09_2018_06_00_19.png'><img src='C:\Users\anilk\eclipse-workspace\Check24DataDriven\src\main\resources\screenshots\blank_30_09_2018_06_00_19.png'height='100' width='100'/></a>]]>
            </line>
          </reporter-output>
        </test-method> <!-- loginTest -->
        <test-method status="PASS" signature="afterMethod(org.testng.ITestResult)[pri:0, instance:de.check24.PageObjectDataDriven.LoginPageTest@3dd4520b]" name="afterMethod" is-config="true" duration-ms="293" started-at="2018-09-30T16:00:21Z" finished-at="2018-09-30T16:00:21Z">
          <params>
            <param index="0">
              <value>
                <![CDATA[[TestResult name=loginTest status=SUCCESS method=LoginPageTest.loginTest(java.lang.String, java.lang.String, java.lang.String, java.lang.String)[pri:0, instance:de.check24.PageObjectDataDriven.LoginPageTest@3dd4520b] output=captureScreen method called]]]>
              </value>
            </param>
          </params>
          <reporter-output>
            <line>
              <![CDATA[captureScreen method called]]>
            </line>
            <line>
              <![CDATA[<a href='C:\Users\anilk\eclipse-workspace\Check24DataDriven\src\main\resources\screenshots\loginTest_30_09_2018_06_00_21.png'><img src='C:\Users\anilk\eclipse-workspace\Check24DataDriven\src\main\resources\screenshots\loginTest_30_09_2018_06_00_21.png'height='100' width='100'/></a>]]>
            </line>
          </reporter-output>
        </test-method> <!-- afterMethod -->
        <test-method status="PASS" signature="loginTest(java.lang.String, java.lang.String, java.lang.String, java.lang.String)[pri:0, instance:de.check24.PageObjectDataDriven.LoginPageTest@3dd4520b]" name="loginTest" duration-ms="4944" started-at="2018-09-30T16:00:21Z" data-provider="testData" finished-at="2018-09-30T16:00:26Z">
          <params>
            <param index="0">
              <value>
                <![CDATA[Testcase2]]>
              </value>
            </param>
            <param index="1">
              <value>
                <![CDATA[srividyakundeti@gmx.de]]>
              </value>
            </param>
            <param index="2">
              <value>
                <![CDATA[Tanusri@123#]]>
              </value>
            </param>
            <param index="3">
              <value>
                <![CDATA[Y]]>
              </value>
            </param>
          </params>
          <reporter-output>
            <line>
              <![CDATA[captureScreen method called]]>
            </line>
            <line>
              <![CDATA[<a href='C:\Users\anilk\eclipse-workspace\Check24DataDriven\src\main\resources\screenshots\blank_30_09_2018_06_00_21.png'><img src='C:\Users\anilk\eclipse-workspace\Check24DataDriven\src\main\resources\screenshots\blank_30_09_2018_06_00_21.png'height='100' width='100'/></a>]]>
            </line>
            <line>
              <![CDATA[captureScreen method called]]>
            </line>
            <line>
              <![CDATA[<a href='C:\Users\anilk\eclipse-workspace\Check24DataDriven\src\main\resources\screenshots\blank_30_09_2018_06_00_24.png'><img src='C:\Users\anilk\eclipse-workspace\Check24DataDriven\src\main\resources\screenshots\blank_30_09_2018_06_00_24.png'height='100' width='100'/></a>]]>
            </line>
          </reporter-output>
        </test-method> <!-- loginTest -->
        <test-method status="PASS" signature="beforeMethod(java.lang.reflect.Method)[pri:0, instance:de.check24.PageObjectDataDriven.LoginPageTest@3dd4520b]" name="beforeMethod" is-config="true" duration-ms="0" started-at="2018-09-30T16:00:21Z" finished-at="2018-09-30T16:00:21Z">
          <params>
            <param index="0">
              <value>
                <![CDATA[public void de.check24.PageObjectDataDriven.LoginPageTest.loginTest(java.lang.String,java.lang.String,java.lang.String,java.lang.String)]]>
              </value>
            </param>
          </params>
          <reporter-output>
          </reporter-output>
        </test-method> <!-- beforeMethod -->
        <test-method status="PASS" signature="afterMethod(org.testng.ITestResult)[pri:0, instance:de.check24.PageObjectDataDriven.LoginPageTest@3dd4520b]" name="afterMethod" is-config="true" duration-ms="267" started-at="2018-09-30T16:00:26Z" finished-at="2018-09-30T16:00:26Z">
          <params>
            <param index="0">
              <value>
                <![CDATA[[TestResult name=loginTest status=SUCCESS method=LoginPageTest.loginTest(java.lang.String, java.lang.String, java.lang.String, java.lang.String)[pri:0, instance:de.check24.PageObjectDataDriven.LoginPageTest@3dd4520b] output=captureScreen method called]]]>
              </value>
            </param>
          </params>
          <reporter-output>
            <line>
              <![CDATA[captureScreen method called]]>
            </line>
            <line>
              <![CDATA[<a href='C:\Users\anilk\eclipse-workspace\Check24DataDriven\src\main\resources\screenshots\loginTest_30_09_2018_06_00_26.png'><img src='C:\Users\anilk\eclipse-workspace\Check24DataDriven\src\main\resources\screenshots\loginTest_30_09_2018_06_00_26.png'height='100' width='100'/></a>]]>
            </line>
          </reporter-output>
        </test-method> <!-- afterMethod -->
        <test-method status="PASS" signature="afterTest()[pri:0, instance:de.check24.PageObjectDataDriven.LoginPageTest@3dd4520b]" name="afterTest" is-config="true" duration-ms="718" started-at="2018-09-30T16:00:26Z" finished-at="2018-09-30T16:00:27Z">
          <reporter-output>
          </reporter-output>
        </test-method> <!-- afterTest -->
      </class> <!-- de.check24.PageObjectDataDriven.LoginPageTest -->
    </test> <!-- Default test -->
  </suite> <!-- Default suite -->
</testng-results>
